[35m[Appium][39m Welcome to Appium v1.22.2
[35m[Appium][39m Non-default server args:
[35m[Appium][39m   port: 59811
[35m[Appium][39m   loglevel: info
[35m[Appium][39m   tmpDir: /var/folders/hf/ynfjf_zd0xx1_j857bff1ttr0000gn/T//Katalon/Appium/Temp1645896102921
[35m[Appium][39m   chromedriverPort: 59812
[35m[Appium][39m Deprecated server args:
[35m[Appium][39m   [31m--chromedriver-port[39m => --default-capabilities
[35m[Appium][39m Default capabilities, which will be added to each request unless overridden by desired capabilities:
[35m[Appium][39m   chromedriverPort: 59812
[35m[Appium][39m Appium REST http interface listener started on 0.0.0.0:59811
[35m[HTTP][39m [37m-->[39m [37mGET[39m [37m/wd/hub/status[39m
[35m[HTTP][39m [90m{}[39m
[35m[HTTP][39m [37m<-- GET /wd/hub/status [39m[32m200[39m [90m6 ms - 68[39m
[35m[HTTP][39m [90m[39m
[35m[HTTP][39m [37m-->[39m [37mGET[39m [37m/wd/hub/status[39m
[35m[HTTP][39m [90m{}[39m
[35m[HTTP][39m [37m<-- GET /wd/hub/status [39m[32m200[39m [90m1 ms - 68[39m
[35m[HTTP][39m [90m[39m
[35m[HTTP][39m [37m-->[39m [37mPOST[39m [37m/wd/hub/session[39m
[35m[HTTP][39m [90m{"desiredCapabilities":{"app":"/Users/macbook/Katalon Studio/QuestionFour/Apk/ecommerce-test.apk","appPackage":"com.ecommerce.service","noReset":true,"deviceId":"","deviceName":" Samsung (Android 6.0)","fullReset":false,"platform":"ANDROID","appActivity":"com.ecommerce.service.Activity.WelcomeActivity","newCommandTimeout":1800,"platformVersion":"6.0","autoGrantPermissions":true,"platformName":"Android","udid":"192.168.56.109:5555","systemPort":59821},"capabilities":{"firstMatch":[{"appium:app":"/Users/macbook/Katalon Studio/QuestionFour/Apk/ecommerce-test.apk","appium:appActivity":"com.ecommerce.service.Activity.WelcomeActivity","appium:appPackage":"com.ecommerce.service","appium:autoGrantPermissions":true,"deviceId":"","appium:deviceName":" Samsung (Android 6.0)","appium:fullReset":false,"appium:newCommandTimeout":1800,"appium:noReset":true,"platform":"ANDROID","platformName":"android","appium:platformVersion":"6.0","appium:systemPort":59821,"appium:udid":"192.168.56.109:5555"}]}}[39m
[35m[BaseDriver][39m The following capabilities are not standard capabilities and should have an extension prefix:
[35m[BaseDriver][39m   deviceId
[35m[BaseDriver][39m   platform
[35m[BaseDriver][39m   chromedriverPort
[35m[Appium][39m 
[35m[Appium][39m ======================================================================
[35m[Appium][39m   DEPRECATION WARNING:
[35m[Appium][39m 
[35m[Appium][39m   The 'automationName' capability was not provided in the desired 
[35m[Appium][39m   capabilities for this Android session
[35m[Appium][39m 
[35m[Appium][39m   Setting 'automationName=UiAutomator2' by default and using the 
[35m[Appium][39m   UiAutomator2 Driver
[35m[Appium][39m 
[35m[Appium][39m   The next major version of Appium (2.x) will **require** the 
[35m[Appium][39m   'automationName' capability to be set for all sessions on all 
[35m[Appium][39m   platforms
[35m[Appium][39m 
[35m[Appium][39m   In previous versions (Appium <= 1.13.x), the default was 
[35m[Appium][39m   'automationName=UiAutomator1'
[35m[Appium][39m 
[35m[Appium][39m   If you wish to use that automation instead of UiAutomator2, please 
[35m[Appium][39m   add 'automationName=UiAutomator1' to your desired capabilities
[35m[Appium][39m 
[35m[Appium][39m   For more information about drivers, please visit 
[35m[Appium][39m   http://appium.io/docs/en/about-appium/intro/ and explore the 
[35m[Appium][39m   'Drivers' menu
[35m[Appium][39m 
[35m[Appium][39m ======================================================================
[35m[Appium][39m 
[35m[Appium][39m Appium v1.22.2 creating new AndroidUiautomator2Driver (v1.70.1) session
[35m[BaseDriver][39m The following capabilities were provided, but are not recognized by Appium:
[35m[BaseDriver][39m   deviceId
[35m[BaseDriver][39m   platform
[35m[BaseDriver][39m Session created with session id: 019c8014-0e29-4cc7-9337-bd252debc2be
[35m[BaseDriver][39m Using local app '/Users/macbook/Katalon Studio/QuestionFour/Apk/ecommerce-test.apk'
[35m[ADB][39m Found 1 'build-tools' folders under '/Users/macbook/.katalon/tools/android_sdk' (newest first):
[35m[ADB][39m     /Users/macbook/.katalon/tools/android_sdk/build-tools/29.0.3
[35m[ADB][39m Using 'adb' from '/Users/macbook/.katalon/tools/android_sdk/platform-tools/adb'
[35m[AndroidDriver][39m Retrieving device list
[35m[AndroidDriver][39m Using device: 192.168.56.109:5555
[35m[ADB][39m Using 'adb' from '/Users/macbook/.katalon/tools/android_sdk/platform-tools/adb'
[35m[ADB][39m Using 'apksigner.jar' from '/Users/macbook/.katalon/tools/android_sdk/build-tools/29.0.3/lib/apksigner.jar'
[35m[ADB][39m '/Users/macbook/.npm-global/lib/node_modules/appium/node_modules/appium-uiautomator2-server/apks/appium-uiautomator2-server-v4.27.0.apk' is signed with the default certificate
[35m[ADB][39m '/Users/macbook/.npm-global/lib/node_modules/appium/node_modules/appium-uiautomator2-server/apks/appium-uiautomator2-server-debug-androidTest.apk' is signed with the default certificate
[35m[UiAutomator2][39m Server packages are not going to be (re)installed
[35m[ADB][39m Adding packages ["io.appium.settings","io.appium.uiautomator2.server","io.appium.uiautomator2.server.test"] to Doze whitelist
[35m[ADB][39m '/Users/macbook/Katalon Studio/QuestionFour/Apk/ecommerce-test.apk' is signed with a non-default certificate
[35m[UiAutomator2][39m Starting UIAutomator2 server 4.27.0
[35m[UiAutomator2][39m Using UIAutomator2 server from '/Users/macbook/.npm-global/lib/node_modules/appium/node_modules/appium-uiautomator2-server/apks/appium-uiautomator2-server-v4.27.0.apk' and test from '/Users/macbook/.npm-global/lib/node_modules/appium/node_modules/appium-uiautomator2-server/apks/appium-uiautomator2-server-debug-androidTest.apk'
[35m[UiAutomator2][39m Waiting up to 30000ms for UiAutomator2 to be online...
[35m[WD Proxy][39m socket hang up
[35m[WD Proxy][39m socket hang up
[35m[WD Proxy][39m Determined the downstream protocol as 'W3C'
[35m[AndroidDriver][39m Screen already unlocked, doing nothing
[35m[UiAutomator2][39m Starting 'com.ecommerce.service/com.ecommerce.service.Activity.WelcomeActivity and waiting for 'com.ecommerce.service/com.ecommerce.service.Activity.WelcomeActivity'
[35m[Appium][39m New AndroidUiautomator2Driver session created successfully, session 019c8014-0e29-4cc7-9337-bd252debc2be added to master session list
[35m[HTTP][39m [37m<-- POST /wd/hub/session [39m[32m200[39m [90m12153 ms - 1438[39m
[35m[HTTP][39m [90m[39m
[35m[HTTP][39m [37m-->[39m [37mGET[39m [37m/wd/hub/session/019c8014-0e29-4cc7-9337-bd252debc2be[39m
[35m[HTTP][39m [90m{}[39m
[35m[HTTP][39m [37m<-- GET /wd/hub/session/019c8014-0e29-4cc7-9337-bd252debc2be [39m[32m200[39m [90m25 ms - 1392[39m
[35m[HTTP][39m [90m[39m
[35m[HTTP][39m [37m-->[39m [37mGET[39m [37m/wd/hub/session/019c8014-0e29-4cc7-9337-bd252debc2be[39m
[35m[HTTP][39m [90m{}[39m
[35m[HTTP][39m [37m<-- GET /wd/hub/session/019c8014-0e29-4cc7-9337-bd252debc2be [39m[32m200[39m [90m35 ms - 1392[39m
[35m[HTTP][39m [90m[39m
[35m[HTTP][39m [37m-->[39m [37mGET[39m [37m/wd/hub/status[39m
[35m[HTTP][39m [90m{}[39m
[35m[HTTP][39m [37m<-- GET /wd/hub/status [39m[32m200[39m [90m1 ms - 68[39m
[35m[HTTP][39m [90m[39m
[35m[HTTP][39m [37m-->[39m [37mPOST[39m [37m/wd/hub/session/019c8014-0e29-4cc7-9337-bd252debc2be/timeouts[39m
[35m[HTTP][39m [90m{"implicit":60000}[39m
[35m[HTTP][39m [37m<-- POST /wd/hub/session/019c8014-0e29-4cc7-9337-bd252debc2be/timeouts [39m[32m200[39m [90m3 ms - 14[39m
[35m[HTTP][39m [90m[39m
[35m[HTTP][39m [37m-->[39m [37mGET[39m [37m/wd/hub/session/019c8014-0e29-4cc7-9337-bd252debc2be/source[39m
[35m[HTTP][39m [90m{}[39m
[35m[W3C (019c8014)][39m Driver proxy active, passing request on via HTTP proxy
[35m[WD Proxy][39m Replacing sessionId d8f68489-ff11-4027-892b-69c38b590667 with 019c8014-0e29-4cc7-9337-bd252debc2be
[35m[HTTP][39m [37m<-- GET /wd/hub/session/019c8014-0e29-4cc7-9337-bd252debc2be/source [39m[32m200[39m [90m618 ms - 6460[39m
[35m[HTTP][39m [90m[39m
[35m[HTTP][39m [37m-->[39m [37mGET[39m [37m/wd/hub/session/019c8014-0e29-4cc7-9337-bd252debc2be/screenshot[39m
[35m[HTTP][39m [90m{}[39m
[35m[HTTP][39m [37m<-- GET /wd/hub/session/019c8014-0e29-4cc7-9337-bd252debc2be/screenshot [39m[32m200[39m [90m2081 ms - 1052774[39m
[35m[HTTP][39m [90m[39m
[35m[HTTP][39m [37m-->[39m [37mGET[39m [37m/wd/hub/session/019c8014-0e29-4cc7-9337-bd252debc2be/source[39m
[35m[HTTP][39m [90m{}[39m
[35m[W3C (019c8014)][39m Driver proxy active, passing request on via HTTP proxy
[35m[WD Proxy][39m Replacing sessionId d8f68489-ff11-4027-892b-69c38b590667 with 019c8014-0e29-4cc7-9337-bd252debc2be
[35m[HTTP][39m [37m<-- GET /wd/hub/session/019c8014-0e29-4cc7-9337-bd252debc2be/source [39m[32m200[39m [90m165 ms - 16651[39m
[35m[HTTP][39m [90m[39m
[35m[HTTP][39m [37m-->[39m [37mGET[39m [37m/wd/hub/session/019c8014-0e29-4cc7-9337-bd252debc2be/screenshot[39m
[35m[HTTP][39m [90m{}[39m
[35m[HTTP][39m [37m<-- GET /wd/hub/session/019c8014-0e29-4cc7-9337-bd252debc2be/screenshot [39m[32m200[39m [90m1689 ms - 133500[39m
[35m[HTTP][39m [90m[39m
[35m[HTTP][39m [37m-->[39m [37mPOST[39m [37m/wd/hub/session/019c8014-0e29-4cc7-9337-bd252debc2be/elements[39m
[35m[HTTP][39m [90m{"using":"xpath","value":"//*[@class = 'android.widget.EditText' and (@text = 'enter your registered email.' or . = 'enter your registered email.') and @resource-id = 'com.ecommerce.service:id/activity_login_etemailaddress']"}[39m
[35m[HTTP][39m [37m<-- POST /wd/hub/session/019c8014-0e29-4cc7-9337-bd252debc2be/elements [39m[32m200[39m [90m139 ms - 139[39m
[35m[HTTP][39m [90m[39m
[35m[HTTP][39m [37m-->[39m [37mPOST[39m [37m/wd/hub/session/019c8014-0e29-4cc7-9337-bd252debc2be/timeouts[39m
[35m[HTTP][39m [90m{"implicit":1000}[39m
[35m[HTTP][39m [37m<-- POST /wd/hub/session/019c8014-0e29-4cc7-9337-bd252debc2be/timeouts [39m[32m200[39m [90m2 ms - 14[39m
[35m[HTTP][39m [90m[39m
[35m[HTTP][39m [37m-->[39m [37mPOST[39m [37m/wd/hub/session/019c8014-0e29-4cc7-9337-bd252debc2be/elements[39m
[35m[HTTP][39m [90m{"using":"xpath","value":"//android.widget.EditText[@resource-id='com.ecommerce.service:id/activity_login_etemailaddress']"}[39m
[35m[HTTP][39m [37m<-- POST /wd/hub/session/019c8014-0e29-4cc7-9337-bd252debc2be/elements [39m[32m200[39m [90m38 ms - 139[39m
[35m[HTTP][39m [90m[39m
[35m[HTTP][39m [37m-->[39m [37mGET[39m [37m/wd/hub/session/019c8014-0e29-4cc7-9337-bd252debc2be/element/00000000-0000-004a-7fff-ffff0000004c/location[39m
[35m[HTTP][39m [90m{}[39m
[35m[W3C (019c8014)][39m Driver proxy active, passing request on via HTTP proxy
[35m[WD Proxy][39m Replacing sessionId d8f68489-ff11-4027-892b-69c38b590667 with 019c8014-0e29-4cc7-9337-bd252debc2be
[35m[HTTP][39m [37m<-- GET /wd/hub/session/019c8014-0e29-4cc7-9337-bd252debc2be/element/00000000-0000-004a-7fff-ffff0000004c/location [39m[32m200[39m [90m22 ms - 78[39m
[35m[HTTP][39m [90m[39m
[35m[HTTP][39m [37m-->[39m [37mGET[39m [37m/wd/hub/session/019c8014-0e29-4cc7-9337-bd252debc2be/element/00000000-0000-004a-7fff-ffff0000004c/size[39m
[35m[HTTP][39m [90m{}[39m
[35m[W3C (019c8014)][39m Driver proxy active, passing request on via HTTP proxy
[35m[WD Proxy][39m Replacing sessionId d8f68489-ff11-4027-892b-69c38b590667 with 019c8014-0e29-4cc7-9337-bd252debc2be
[35m[HTTP][39m [37m<-- GET /wd/hub/session/019c8014-0e29-4cc7-9337-bd252debc2be/element/00000000-0000-004a-7fff-ffff0000004c/size [39m[32m200[39m [90m19 ms - 86[39m
[35m[HTTP][39m [90m[39m
[35m[HTTP][39m [37m-->[39m [37mPOST[39m [37m/wd/hub/session/019c8014-0e29-4cc7-9337-bd252debc2be/elements[39m
[35m[HTTP][39m [90m{"using":"xpath","value":"//*[@class = 'android.widget.EditText' and @resource-id = 'com.ecommerce.service:id/activity_login_etPassword' and (@text = '' or . = '')]"}[39m
[35m[HTTP][39m [37m<-- POST /wd/hub/session/019c8014-0e29-4cc7-9337-bd252debc2be/elements [39m[32m200[39m [90m55 ms - 139[39m
[35m[HTTP][39m [90m[39m
[35m[HTTP][39m [37m-->[39m [37mPOST[39m [37m/wd/hub/session/019c8014-0e29-4cc7-9337-bd252debc2be/elements[39m
[35m[HTTP][39m [90m{"using":"xpath","value":"//*[@class = 'android.widget.Button' and (@text = 'Login' or . = 'Login') and @resource-id = 'com.ecommerce.service:id/btn_start_shop']"}[39m
[35m[HTTP][39m [37m<-- POST /wd/hub/session/019c8014-0e29-4cc7-9337-bd252debc2be/elements [39m[32m200[39m [90m35 ms - 139[39m
[35m[HTTP][39m [90m[39m
[35m[HTTP][39m [37m-->[39m [37mPOST[39m [37m/wd/hub/session/019c8014-0e29-4cc7-9337-bd252debc2be/timeouts[39m
[35m[HTTP][39m [90m{"implicit":1000}[39m
[35m[HTTP][39m [37m<-- POST /wd/hub/session/019c8014-0e29-4cc7-9337-bd252debc2be/timeouts [39m[32m200[39m [90m1 ms - 14[39m
[35m[HTTP][39m [90m[39m
[35m[HTTP][39m [37m-->[39m [37mPOST[39m [37m/wd/hub/session/019c8014-0e29-4cc7-9337-bd252debc2be/elements[39m
[35m[HTTP][39m [90m{"using":"xpath","value":"//android.widget.Button[@resource-id='com.ecommerce.service:id/btn_start_shop']"}[39m
[35m[HTTP][39m [37m<-- POST /wd/hub/session/019c8014-0e29-4cc7-9337-bd252debc2be/elements [39m[32m200[39m [90m66 ms - 139[39m
[35m[HTTP][39m [90m[39m
[35m[HTTP][39m [37m-->[39m [37mGET[39m [37m/wd/hub/session/019c8014-0e29-4cc7-9337-bd252debc2be/element/00000000-0000-004a-7fff-ffff00000045/location[39m
[35m[HTTP][39m [90m{}[39m
[35m[W3C (019c8014)][39m Driver proxy active, passing request on via HTTP proxy
[35m[WD Proxy][39m Replacing sessionId d8f68489-ff11-4027-892b-69c38b590667 with 019c8014-0e29-4cc7-9337-bd252debc2be
[35m[HTTP][39m [37m<-- GET /wd/hub/session/019c8014-0e29-4cc7-9337-bd252debc2be/element/00000000-0000-004a-7fff-ffff00000045/location [39m[32m200[39m [90m14 ms - 79[39m
[35m[HTTP][39m [90m[39m
[35m[HTTP][39m [37m-->[39m [37mGET[39m [37m/wd/hub/session/019c8014-0e29-4cc7-9337-bd252debc2be/element/00000000-0000-004a-7fff-ffff00000045/size[39m
[35m[HTTP][39m [90m{}[39m
[35m[W3C (019c8014)][39m Driver proxy active, passing request on via HTTP proxy
[35m[WD Proxy][39m Replacing sessionId d8f68489-ff11-4027-892b-69c38b590667 with 019c8014-0e29-4cc7-9337-bd252debc2be
[35m[HTTP][39m [37m<-- GET /wd/hub/session/019c8014-0e29-4cc7-9337-bd252debc2be/element/00000000-0000-004a-7fff-ffff00000045/size [39m[32m200[39m [90m14 ms - 87[39m
[35m[HTTP][39m [90m[39m
[35m[HTTP][39m [37m-->[39m [37mGET[39m [37m/wd/hub/session/019c8014-0e29-4cc7-9337-bd252debc2be/source[39m
[35m[HTTP][39m [90m{}[39m
[35m[W3C (019c8014)][39m Driver proxy active, passing request on via HTTP proxy
[35m[WD Proxy][39m Replacing sessionId d8f68489-ff11-4027-892b-69c38b590667 with 019c8014-0e29-4cc7-9337-bd252debc2be
[35m[HTTP][39m [37m<-- GET /wd/hub/session/019c8014-0e29-4cc7-9337-bd252debc2be/source [39m[32m200[39m [90m70 ms - 32234[39m
[35m[HTTP][39m [90m[39m
[35m[HTTP][39m [37m-->[39m [37mGET[39m [37m/wd/hub/session/019c8014-0e29-4cc7-9337-bd252debc2be/screenshot[39m
[35m[HTTP][39m [90m{}[39m
[35m[HTTP][39m [37m<-- GET /wd/hub/session/019c8014-0e29-4cc7-9337-bd252debc2be/screenshot [39m[32m200[39m [90m1628 ms - 236164[39m
[35m[HTTP][39m [90m[39m
[35m[HTTP][39m [37m-->[39m [37mPOST[39m [37m/wd/hub/session/019c8014-0e29-4cc7-9337-bd252debc2be/elements[39m
[35m[HTTP][39m [90m{"using":"xpath","value":"//*[@class = 'android.widget.TextView' and (@text = 'Sign Out' or . = 'Sign Out') and @resource-id = 'com.ecommerce.service:id/fragment_myaccount_tvLoginLogout']"}[39m
[35m[HTTP][39m [37m<-- POST /wd/hub/session/019c8014-0e29-4cc7-9337-bd252debc2be/elements [39m[32m200[39m [90m90 ms - 139[39m
[35m[HTTP][39m [90m[39m
[35m[HTTP][39m [37m-->[39m [37mDELETE[39m [37m/wd/hub/session/019c8014-0e29-4cc7-9337-bd252debc2be[39m
[35m[HTTP][39m [90m{}[39m
[35m[Appium][39m Removing session 019c8014-0e29-4cc7-9337-bd252debc2be from our master session list
[35m[HTTP][39m [37m<-- DELETE /wd/hub/session/019c8014-0e29-4cc7-9337-bd252debc2be [39m[32m200[39m [90m463 ms - 14[39m
[35m[HTTP][39m [90m[39m
